# JRE version: Java(TM) SE Runtime Environment (12.0.2+10) (build 12.0.2+10)
# Java VM: Java HotSpot(TM) 64-Bit Server VM (12.0.2+10, mixed mode, sharing, tiered, compressed oops, g1 gc, windows-amd64)
Heap:
 garbage-first heap   total 524288K, used 287838K [0x0000000601200000, 0x0000000800000000)
  region size 2048K, 139 young (284672K), 3 survivors (6144K)
 Metaspace       used 12438K, capacity 12829K, committed 12928K, reserved 1060864K
  class space    used 1423K, capacity 1606K, committed 1664K, reserved 1048576K
GC Heap History (8 events):
Event: 1.700 GC heap before
{Heap before GC invocations=0 (full 0):
 garbage-first heap   total 524288K, used 26624K [0x0000000601200000, 0x0000000800000000)
  region size 2048K, 12 young (24576K), 0 survivors (0K)
 Metaspace       used 11875K, capacity 12275K, committed 12416K, reserved 1060864K
  class space    used 1403K, capacity 1572K, committed 1664K, reserved 1048576K
}
Event: 1.706 GC heap after
{Heap after GC invocations=1 (full 0):
 garbage-first heap   total 524288K, used 8828K [0x0000000601200000, 0x0000000800000000)
  region size 2048K, 2 young (4096K), 2 survivors (4096K)
 Metaspace       used 11875K, capacity 12275K, committed 12416K, reserved 1060864K
  class space    used 1403K, capacity 1572K, committed 1664K, reserved 1048576K
}
Event: 1.798 GC heap before
{Heap before GC invocations=1 (full 0):
 garbage-first heap   total 524288K, used 62076K [0x0000000601200000, 0x0000000800000000)
  region size 2048K, 28 young (57344K), 2 survivors (4096K)
 Metaspace       used 11881K, capacity 12275K, committed 12416K, reserved 1060864K
  class space    used 1403K, capacity 1572K, committed 1664K, reserved 1048576K
}
Event: 1.802 GC heap after
{Heap after GC invocations=2 (full 0):
 garbage-first heap   total 524288K, used 9132K [0x0000000601200000, 0x0000000800000000)
  region size 2048K, 3 young (6144K), 3 survivors (6144K)
 Metaspace       used 11881K, capacity 12275K, committed 12416K, reserved 1060864K
  class space    used 1403K, capacity 1572K, committed 1664K, reserved 1048576K
}
Event: 1.861 GC heap before
{Heap before GC invocations=2 (full 0):
 garbage-first heap   total 524288K, used 74668K [0x0000000601200000, 0x0000000800000000)
  region size 2048K, 35 young (71680K), 3 survivors (6144K)
 Metaspace       used 11881K, capacity 12275K, committed 12416K, reserved 1060864K
  class space    used 1403K, capacity 1572K, committed 1664K, reserved 1048576K
}
Event: 1.865 GC heap after
{Heap after GC invocations=3 (full 0):
 garbage-first heap   total 524288K, used 9146K [0x0000000601200000, 0x0000000800000000)
  region size 2048K, 3 young (6144K), 3 survivors (6144K)
 Metaspace       used 11881K, capacity 12275K, committed 12416K, reserved 1060864K
  class space    used 1403K, capacity 1572K, committed 1664K, reserved 1048576K
}
Event: 2.166 GC heap before
{Heap before GC invocations=3 (full 0):
 garbage-first heap   total 524288K, used 277434K [0x0000000601200000, 0x0000000800000000)
  region size 2048K, 134 young (274432K), 3 survivors (6144K)
 Metaspace       used 11968K, capacity 12339K, committed 12672K, reserved 1060864K
  class space    used 1406K, capacity 1572K, committed 1664K, reserved 1048576K
}
Event: 2.168 GC heap after
{Heap after GC invocations=4 (full 0):
 garbage-first heap   total 524288K, used 9310K [0x0000000601200000, 0x0000000800000000)
  region size 2048K, 3 young (6144K), 3 survivors (6144K)
 Metaspace       used 11968K, capacity 12339K, committed 12672K, reserved 1060864K
  class space    used 1406K, capacity 1572K, committed 1664K, reserved 1048576K
}

